This is pdfTeXk, Version 3.141592-1.40.3 (Web2C 7.5.6) (format=pdflatex 2012.5.16)  9 NOV 2014 00:14
entering extended mode
 %&-line parsing enabled.
**main
(./main.tex
LaTeX2e <2005/12/01>
Babel <v3.8h> and hyphenation patterns for english, usenglishmax, dumylang, noh
yphenation, arabic, basque, bulgarian, coptic, welsh, czech, slovak, german, ng
erman, danish, esperanto, spanish, catalan, galician, estonian, farsi, finnish,
 french, greek, monogreek, ancientgreek, croatian, hungarian, interlingua, ibyc
us, indonesian, icelandic, italian, latin, mongolian, dutch, norsk, polish, por
tuguese, pinyin, romanian, russian, slovenian, uppersorbian, serbian, swedish, 
turkish, ukenglish, ukrainian, loaded.
(/usr/share/texmf/tex/latex/base/article.cls
Document Class: article 2005/09/16 v1.4f Standard LaTeX document class
(/usr/share/texmf/tex/latex/base/size12.clo
File: size12.clo 2005/09/16 v1.4f Standard LaTeX file (size option)
)
\c@part=\count79
\c@section=\count80
\c@subsection=\count81
\c@subsubsection=\count82
\c@paragraph=\count83
\c@subparagraph=\count84
\c@figure=\count85
\c@table=\count86
\abovecaptionskip=\skip41
\belowcaptionskip=\skip42
\bibindent=\dimen102
)
(/usr/share/texmf/tex/latex/listings/listings.sty
(/usr/share/texmf/tex/latex/graphics/keyval.sty
Package: keyval 1999/03/16 v1.13 key=value parser (DPC)
\KV@toks@=\toks14
)
\lst@mode=\count87
\lst@gtempboxa=\box26
\lst@token=\toks15
\lst@length=\count88
\lst@currlwidth=\dimen103
\lst@column=\count89
\lst@pos=\count90
\lst@lostspace=\dimen104
\lst@width=\dimen105
\lst@newlines=\count91
\lst@lineno=\count92
\c@lstlisting=\count93
\lst@maxwidth=\dimen106

(/usr/share/texmf/tex/latex/listings/lstpatch.sty
File: lstpatch.sty 2004/10/17 1.3b (Carsten Heinz)
)
(/usr/share/texmf/tex/latex/listings/lstmisc.sty
File: lstmisc.sty 2004/09/07 1.3 (Carsten Heinz)
\c@lstnumber=\count94
\lst@skipnumbers=\count95
\lst@framebox=\box27
)
(/usr/share/texmf/tex/latex/listings/listings.cfg
File: listings.cfg 2004/09/05 1.3 listings configuration
))
Package: listings 2004/10/17 1.3b (Carsten Heinz)

(/usr/share/texmf/tex/latex/amsmath/amsmath.sty
Package: amsmath 2000/07/18 v2.13 AMS math features
\@mathmargin=\skip43

For additional information on amsmath, use the `?' option.
(/usr/share/texmf/tex/latex/amsmath/amstext.sty
Package: amstext 2000/06/29 v2.01

(/usr/share/texmf/tex/latex/amsmath/amsgen.sty
File: amsgen.sty 1999/11/30 v2.0
\@emptytoks=\toks16
\ex@=\dimen107
))
(/usr/share/texmf/tex/latex/amsmath/amsbsy.sty
Package: amsbsy 1999/11/29 v1.2d
\pmbraise@=\dimen108
)
(/usr/share/texmf/tex/latex/amsmath/amsopn.sty
Package: amsopn 1999/12/14 v2.01 operator names
)
\inf@bad=\count96
LaTeX Info: Redefining \frac on input line 211.
\uproot@=\count97
\leftroot@=\count98
LaTeX Info: Redefining \overline on input line 307.
\classnum@=\count99
\DOTSCASE@=\count100
LaTeX Info: Redefining \ldots on input line 379.
LaTeX Info: Redefining \dots on input line 382.
LaTeX Info: Redefining \cdots on input line 467.
\Mathstrutbox@=\box28
\strutbox@=\box29
\big@size=\dimen109
LaTeX Font Info:    Redeclaring font encoding OML on input line 567.
LaTeX Font Info:    Redeclaring font encoding OMS on input line 568.
\macc@depth=\count101
\c@MaxMatrixCols=\count102
\dotsspace@=\muskip10
\c@parentequation=\count103
\dspbrk@lvl=\count104
\tag@help=\toks17
\row@=\count105
\column@=\count106
\maxfields@=\count107
\andhelp@=\toks18
\eqnshift@=\dimen110
\alignsep@=\dimen111
\tagshift@=\dimen112
\tagwidth@=\dimen113
\totwidth@=\dimen114
\lineht@=\dimen115
\@envbody=\toks19
\multlinegap=\skip44
\multlinetaggap=\skip45
\mathdisplay@stack=\toks20
LaTeX Info: Redefining \[ on input line 2666.
LaTeX Info: Redefining \] on input line 2667.
)
(/usr/share/texmf/tex/latex/preprint/fullpage.sty
Package: fullpage 1999/02/23 1.1 (PWD)
\FP@margin=\skip46
)
(/usr/share/texmf/tex/latex/tools/tabularx.sty
Package: tabularx 1999/01/07 v2.07 `tabularx' package (DPC)

(/usr/share/texmf/tex/latex/tools/array.sty
Package: array 2005/08/23 v2.4b Tabular extension package (FMi)
\col@sep=\dimen116
\extrarowheight=\dimen117
\NC@list=\toks21
\extratabsurround=\skip47
\backup@length=\skip48
)
\TX@col@width=\dimen118
\TX@old@table=\dimen119
\TX@old@col=\dimen120
\TX@target=\dimen121
\TX@delta=\dimen122
\TX@cols=\count108
\TX@ftn=\toks22
)
(/usr/share/texmf/tex/latex/graphics/graphicx.sty
Package: graphicx 1999/02/16 v1.0f Enhanced LaTeX Graphics (DPC,SPQR)

(/usr/share/texmf/tex/latex/graphics/graphics.sty
Package: graphics 2006/02/20 v1.0o Standard LaTeX Graphics (DPC,SPQR)

(/usr/share/texmf/tex/latex/graphics/trig.sty
Package: trig 1999/03/16 v1.09 sin cos tan (DPC)
)
(/usr/share/texmf/tex/latex/config/graphics.cfg
File: graphics.cfg 2007/01/18 v1.5 graphics configuration of teTeX/TeXLive
)
Package graphics Info: Driver file: pdftex.def on input line 90.

(/usr/share/texmf/tex/latex/pdftex-def/pdftex.def
File: pdftex.def 2007/01/08 v0.04d Graphics/color for pdfTeX
\Gread@gobject=\count109
))
\Gin@req@height=\dimen123
\Gin@req@width=\dimen124
) (./main.aux)
\openout1 = `main.aux'.

LaTeX Font Info:    Checking defaults for OML/cmm/m/it on input line 8.
LaTeX Font Info:    ... okay on input line 8.
LaTeX Font Info:    Checking defaults for T1/cmr/m/n on input line 8.
LaTeX Font Info:    ... okay on input line 8.
LaTeX Font Info:    Checking defaults for OT1/cmr/m/n on input line 8.
LaTeX Font Info:    ... okay on input line 8.
LaTeX Font Info:    Checking defaults for OMS/cmsy/m/n on input line 8.
LaTeX Font Info:    ... okay on input line 8.
LaTeX Font Info:    Checking defaults for OMX/cmex/m/n on input line 8.
LaTeX Font Info:    ... okay on input line 8.
LaTeX Font Info:    Checking defaults for U/cmr/m/n on input line 8.
LaTeX Font Info:    ... okay on input line 8.
 [1

{/usr/share/texmf/fonts/map/pdftex/updmap/pdftex.map}] (./data.csv
Overfull \hbox (2.59416pt too wide) in paragraph at lines 1--2
[][][][][][][][][][][][][][][][] 
 []


Overfull \hbox (2.59416pt too wide) in paragraph at lines 2--3
[][][][][][][][][][][][][][][][] 
 []


Overfull \hbox (2.59416pt too wide) in paragraph at lines 3--4
[][][][][][][][][][][][][][][][] 
 []


Overfull \hbox (2.59416pt too wide) in paragraph at lines 4--5
[][][][][][][][][][][][][][][][] 
 []


Overfull \hbox (2.59416pt too wide) in paragraph at lines 5--6
[][][][][][][][][][][][][][][][] 
 []


Overfull \hbox (2.59416pt too wide) in paragraph at lines 6--7
[][][][][][][][][][][][][][][][] 
 []


Overfull \hbox (2.59416pt too wide) in paragraph at lines 7--8
[][][][][][][][][][][][][][][][] 
 []


Overfull \hbox (2.59416pt too wide) in paragraph at lines 8--9
[][][][][][][][][][][][][][][][] 
 []


Overfull \hbox (2.59416pt too wide) in paragraph at lines 9--10
[][][][][][][][][][][][][][][][] 
 []


Overfull \hbox (2.59416pt too wide) in paragraph at lines 10--11
[][][][][][][][][][][][][][][][] 
 []


Overfull \hbox (2.59416pt too wide) in paragraph at lines 11--12
[][][][][][][][][][][][][][][][] 
 []


Overfull \hbox (2.59416pt too wide) in paragraph at lines 12--13
[][][][][][][][][][][][][][][][] 
 []


Overfull \hbox (2.59416pt too wide) in paragraph at lines 13--14
[][][][][][][][][][][][][][][][] 
 []


Overfull \hbox (2.59416pt too wide) in paragraph at lines 14--15
[][][][][][][][][][][][][][][][] 
 []


Overfull \hbox (2.59416pt too wide) in paragraph at lines 15--16
[][][][][][][][][][][][][][][][] 
 []


Overfull \hbox (2.59416pt too wide) in paragraph at lines 16--17
[][][][][][][][][][][][][][][][] 
 []


Overfull \hbox (2.59416pt too wide) in paragraph at lines 17--18
[][][][][][][][][][][][][][][][] 
 []


Overfull \hbox (2.59416pt too wide) in paragraph at lines 18--19
[][][][][][][][][][][][][][][][] 
 []


Overfull \hbox (2.59416pt too wide) in paragraph at lines 19--20
[][][][][][][][][][][][][][][][] 
 []


Overfull \hbox (2.59416pt too wide) in paragraph at lines 20--21
[][][][][][][][][][][][][][][][] 
 []


Overfull \hbox (2.59416pt too wide) in paragraph at lines 21--22
[][][][][][][][][][][][][][][][] 
 []


Overfull \hbox (2.59416pt too wide) in paragraph at lines 22--23
[][][][][][][][][][][][][][][][] 
 []


Overfull \hbox (2.59416pt too wide) in paragraph at lines 23--24
[][][][][][][][][][][][][][][][] 
 []


Overfull \hbox (2.59416pt too wide) in paragraph at lines 24--25
[][][][][][][][][][][][][][][][] 
 []


Overfull \hbox (2.59416pt too wide) in paragraph at lines 25--26
[][][][][][][][][][][][][][][][] 
 []


Overfull \hbox (2.59416pt too wide) in paragraph at lines 26--27
[][][][][][][][][][][][][][][][] 
 []


Overfull \hbox (2.59416pt too wide) in paragraph at lines 27--28
[][][][][][][][][][][][][][][][] 
 []


Overfull \hbox (2.59416pt too wide) in paragraph at lines 28--29
[][][][][][][][][][][][][][][][] 
 []


Overfull \hbox (2.59416pt too wide) in paragraph at lines 29--30
[][][][][][][][][][][][][][][][] 
 []


Overfull \hbox (2.59416pt too wide) in paragraph at lines 30--31
[][][][][][][][][][][][][][][][] 
 []

)
Overfull \hbox (2.59416pt too wide) in paragraph at lines 31--38
[][][][][][][][][][][][][][][][] 
 []

<data.png, id=7, 1027.84pt x 1027.84pt>
File: data.png Graphic file (type png)
 <use data.png> [2] [3 <./data.png (PNG copy)>] [4] (./main.aux)

LaTeX Warning: Label(s) may have changed. Rerun to get cross-references right.

 ) 
Here is how much of TeX's memory you used:
 2465 strings out of 256216
 31922 string characters out of 1917072
 112602 words of memory out of 1500000
 5763 multiletter control sequences out of 10000+200000
 6822 words of font info for 25 fonts, out of 1200000 for 2000
 645 hyphenation exceptions out of 8191
 27i,6n,32p,530b,828s stack positions out of 5000i,500n,6000p,200000b,15000s
</usr/share/texmf/fonts/type1/bluesky/cm/cmss12.pfb></usr/share/texmf/fonts/t
ype1/bluesky/cm/cmss17.pfb></usr/share/texmf/fonts/type1/bluesky/cm/cmssbx10.pf
b>
Output written on main.pdf (4 pages, 39665 bytes).
PDF statistics:
 29 PDF objects out of 1000 (max. 8388607)
 0 named destinations out of 1000 (max. 131072)
 6 words of extra memory for PDF output out of 10000 (max. 10000000)

